0 info it worked if it ends with ok
1 verbose cli [ '/usr/local/bin/node', '/usr/local/bin/npm', 'publish' ]
2 info using npm@1.4.28
3 info using node@v0.10.32
4 verbose publish [ '.' ]
5 verbose cache add [ '.', null ]
6 verbose cache add name=undefined spec="." args=[".",null]
7 verbose parsed url { protocol: null,
7 verbose parsed url   slashes: null,
7 verbose parsed url   auth: null,
7 verbose parsed url   host: null,
7 verbose parsed url   port: null,
7 verbose parsed url   hostname: null,
7 verbose parsed url   hash: null,
7 verbose parsed url   search: null,
7 verbose parsed url   query: null,
7 verbose parsed url   pathname: '.',
7 verbose parsed url   path: '.',
7 verbose parsed url   href: '.' }
8 silly lockFile 3a52ce78- .
9 verbose lock . /Users/eric/.npm/3a52ce78-.lock
10 verbose tar pack [ '/Users/eric/.npm/dpd-twilio/0.1.2/package.tgz', '.' ]
11 verbose tarball /Users/eric/.npm/dpd-twilio/0.1.2/package.tgz
12 verbose folder .
13 info prepublish dpd-twilio@0.1.2
14 silly lockFile 1f1177db-tar tar://.
15 verbose lock tar://. /Users/eric/.npm/1f1177db-tar.lock
16 silly lockFile 29d9f0b6-npm-dpd-twilio-0-1-2-package-tgz tar:///Users/eric/.npm/dpd-twilio/0.1.2/package.tgz
17 verbose lock tar:///Users/eric/.npm/dpd-twilio/0.1.2/package.tgz /Users/eric/.npm/29d9f0b6-npm-dpd-twilio-0-1-2-package-tgz.lock
18 silly lockFile 1f1177db-tar tar://.
19 silly lockFile 1f1177db-tar tar://.
20 silly lockFile 29d9f0b6-npm-dpd-twilio-0-1-2-package-tgz tar:///Users/eric/.npm/dpd-twilio/0.1.2/package.tgz
21 silly lockFile 29d9f0b6-npm-dpd-twilio-0-1-2-package-tgz tar:///Users/eric/.npm/dpd-twilio/0.1.2/package.tgz
22 silly lockFile 08a6e91c-ric-npm-dpd-twilio-0-1-2-package /Users/eric/.npm/dpd-twilio/0.1.2/package
23 verbose lock /Users/eric/.npm/dpd-twilio/0.1.2/package /Users/eric/.npm/08a6e91c-ric-npm-dpd-twilio-0-1-2-package.lock
24 silly lockFile 08a6e91c-ric-npm-dpd-twilio-0-1-2-package /Users/eric/.npm/dpd-twilio/0.1.2/package
25 silly lockFile 08a6e91c-ric-npm-dpd-twilio-0-1-2-package /Users/eric/.npm/dpd-twilio/0.1.2/package
26 silly lockFile 3a52ce78- .
27 silly lockFile 3a52ce78- .
28 silly publish { name: 'dpd-twilio',
28 silly publish   version: '0.1.2',
28 silly publish   description: '## Description',
28 silly publish   main: 'index.js',
28 silly publish   scripts: { test: 'echo "Error: no test specified" && exit 1' },
28 silly publish   author:
28 silly publish    { name: 'Eric Fong',
28 silly publish      email: 'ericff@gmail.com',
28 silly publish      url: 'http://waatag.com/' },
28 silly publish   license: 'ISC',
28 silly publish   dependencies: { twilio: '^1.9.0' },
28 silly publish   readme: '# dpd-twilio\n\n## Description\n\nSend SMS via Twilio. You should create your account in Twilio first.\n\n## Getting started\nThis module requires deployd ~0.7.0.\n\nIf you haven\'t used Deployd before, make sure to read the [documentation](http://docs.deployd.com/).\n\n### Installation without package.json\n````\nnpm install dpd-twilio\n````\n\n### Installation with package.json\nIf you have a package.json, you\'ll have to add this module in it.\n````\nnpm install dpd-twilio --save\n````\nOnce it is installed, Deployd will automatically load it.  \nFor more information about Modules, take a look at [the module page on the deployd documentation](http://docs.deployd.com/docs/using-modules/).\n\n## The dpd-twilio module\n### Overview\n\nIt is a simple [twilio](https://www.npmjs.org/package/twilio) wrapper for deployd\n\n### Options/Settings\n\nRequire:\n - twilioAccountSid\n - twilioAuthToken\n - defaultFromTel\n\nPlease fill them in using the deployd dashboard config page of this module.\n\n\n### Usage example\n\n    // send a SMS to +123456789\n    dpd.twilio.post({to:\'+123456789\', body:\'Hello World!\'});\n\n## Contributing\n\nJust send me a Pull Request in Github.\n\n## Release history\n\n - 0.1.0: first version\n\n## Contributors\n\n[Eric Fong](https://github.com/ericfong)\n',
28 silly publish   readmeFilename: 'README.md',
28 silly publish   gitHead: 'c50f73e18164f1d2405e073dbd58b80d60996ae3',
28 silly publish   _id: 'dpd-twilio@0.1.2',
28 silly publish   _shasum: '524c79379d70bc7ff4a5c9d9e216c00e3081dfdb',
28 silly publish   _from: '.' }
29 error need auth auth and email required for publishing
29 error need auth You need to authorize this machine using `npm adduser`
30 error System Darwin 14.0.0
31 error command "/usr/local/bin/node" "/usr/local/bin/npm" "publish"
32 error cwd /Users/eric/Dropbox/jobdoh-dpd/node_modules/dpd-twilio
33 error node -v v0.10.32
34 error npm -v 1.4.28
35 error code ENEEDAUTH
36 verbose exit [ 1, true ]
